2017-11-02 08:52:35 2ca8 InnoDB: Warning: Using innodb_additional_mem_pool_size is DEPRECATED. This option may be removed in future releases, together with the option innodb_use_sys_malloc and with the InnoDB's internal memory allocator.
2017-11-02  8:52:35 11432 [Note] InnoDB: innodb_empty_free_list_algorithm has been changed to legacy because of small buffer pool size. In order to use backoff, increase buffer pool at least up to 20MB.

2017-11-02  8:52:36 11432 [Note] InnoDB: Using mutexes to ref count buffer pool pages
2017-11-02  8:52:36 11432 [Note] InnoDB: The InnoDB memory heap is disabled
2017-11-02  8:52:36 11432 [Note] InnoDB: Mutexes and rw_locks use Windows interlocked functions
2017-11-02  8:52:36 11432 [Note] InnoDB: _mm_lfence() and _mm_sfence() are used for memory barrier
2017-11-02  8:52:36 11432 [Note] InnoDB: Compressed tables use zlib 1.2.3
2017-11-02  8:52:36 11432 [Note] InnoDB: Using generic crc32 instructions
2017-11-02  8:52:36 11432 [Note] InnoDB: Initializing buffer pool, size = 16.0M
2017-11-02  8:52:36 11432 [Note] InnoDB: Completed initialization of buffer pool
2017-11-02  8:52:36 11432 [Note] InnoDB: Highest supported file format is Barracuda.
2017-11-02  8:52:36 11432 [Note] InnoDB: The log sequence number 1835037 in ibdata file do not match the log sequence number 1998070 in the ib_logfiles!
2017-11-02  8:52:36 11432 [Note] InnoDB: Restoring possible half-written data pages from the doublewrite buffer...
2017-11-02  8:52:36 11432 [ERROR] InnoDB: Table phpmyadmin/pma__bookmark in the InnoDB data dictionary has tablespace id 11, but tablespace with that id or name does not exist. Have you deleted or moved .ibd files? This may also be a table created with CREATE TEMPORARY TABLE whose .ibd and .frm files MySQL automatically removed, but the table still exists in the InnoDB internal data dictionary.
InnoDB: Please refer to
InnoDB: http://dev.mysql.com/doc/refman/5.6/en/innodb-troubleshooting-datadict.html
InnoDB: for how to resolve the issue.
2017-11-02  8:52:36 11432 [ERROR] InnoDB: Table phpmyadmin/pma__central_columns in the InnoDB data dictionary has tablespace id 27, but tablespace with that id or name does not exist. Have you deleted or moved .ibd files? This may also be a table created with CREATE TEMPORARY TABLE whose .ibd and .frm files MySQL automatically removed, but the table still exists in the InnoDB internal data dictionary.
InnoDB: Please refer to
InnoDB: http://dev.mysql.com/doc/refman/5.6/en/innodb-troubleshooting-datadict.html
InnoDB: for how to resolve the issue.
2017-11-02  8:52:36 11432 [ERROR] InnoDB: Table phpmyadmin/pma__column_info in the InnoDB data dictionary has tablespace id 12, but tablespace with that id or name does not exist. Have you deleted or moved .ibd files? This may also be a table created with CREATE TEMPORARY TABLE whose .ibd and .frm files MySQL automatically removed, but the table still exists in the InnoDB internal data dictionary.
InnoDB: Please refer to
InnoDB: http://dev.mysql.com/doc/refman/5.6/en/innodb-troubleshooting-datadict.html
InnoDB: for how to resolve the issue.
2017-11-02  8:52:36 11432 [ERROR] InnoDB: Table phpmyadmin/pma__designer_settings in the InnoDB data dictionary has tablespace id 28, but tablespace with that id or name does not exist. Have you deleted or moved .ibd files? This may also be a table created with CREATE TEMPORARY TABLE whose .ibd and .frm files MySQL automatically removed, but the table still exists in the InnoDB internal data dictionary.
InnoDB: Please refer to
InnoDB: http://dev.mysql.com/doc/refman/5.6/en/innodb-troubleshooting-datadict.html
InnoDB: for how to resolve the issue.
2017-11-02  8:52:36 11432 [ERROR] InnoDB: Table phpmyadmin/pma__export_templates in the InnoDB data dictionary has tablespace id 29, but tablespace with that id or name does not exist. Have you deleted or moved .ibd files? This may also be a table created with CREATE TEMPORARY TABLE whose .ibd and .frm files MySQL automatically removed, but the table still exists in the InnoDB internal data dictionary.
InnoDB: Please refer to
InnoDB: http://dev.mysql.com/doc/refman/5.6/en/innodb-troubleshooting-datadict.html
InnoDB: for how to resolve the issue.
2017-11-02  8:52:36 11432 [ERROR] InnoDB: Table phpmyadmin/pma__favorite in the InnoDB data dictionary has tablespace id 16, but tablespace with that id or name does not exist. Have you deleted or moved .ibd files? This may also be a table created with CREATE TEMPORARY TABLE whose .ibd and .frm files MySQL automatically removed, but the table still exists in the InnoDB internal data dictionary.
InnoDB: Please refer to
InnoDB: http://dev.mysql.com/doc/refman/5.6/en/innodb-troubleshooting-datadict.html
InnoDB: for how to resolve the issue.
2017-11-02  8:52:36 11432 [ERROR] InnoDB: Table phpmyadmin/pma__history in the InnoDB data dictionary has tablespace id 13, but tablespace with that id or name does not exist. Have you deleted or moved .ibd files? This may also be a table created with CREATE TEMPORARY TABLE whose .ibd and .frm files MySQL automatically removed, but the table still exists in the InnoDB internal data dictionary.
InnoDB: Please refer to
InnoDB: http://dev.mysql.com/doc/refman/5.6/en/innodb-troubleshooting-datadict.html
InnoDB: for how to resolve the issue.
2017-11-02  8:52:36 11432 [ERROR] InnoDB: Table phpmyadmin/pma__navigationhiding in the InnoDB data dictionary has tablespace id 25, but tablespace with that id or name does not exist. Have you deleted or moved .ibd files? This may also be a table created with CREATE TEMPORARY TABLE whose .ibd and .frm files MySQL automatically removed, but the table still exists in the InnoDB internal data dictionary.
InnoDB: Please refer to
InnoDB: http://dev.mysql.com/doc/refman/5.6/en/innodb-troubleshooting-datadict.html
InnoDB: for how to resolve the issue.
2017-11-02  8:52:36 11432 [ERROR] InnoDB: Table phpmyadmin/pma__pdf_pages in the InnoDB data dictionary has tablespace id 14, but tablespace with that id or name does not exist. Have you deleted or moved .ibd files? This may also be a table created with CREATE TEMPORARY TABLE whose .ibd and .frm files MySQL automatically removed, but the table still exists in the InnoDB internal data dictionary.
InnoDB: Please refer to
InnoDB: http://dev.mysql.com/doc/refman/5.6/en/innodb-troubleshooting-datadict.html
InnoDB: for how to resolve the issue.
2017-11-02  8:52:36 11432 [ERROR] InnoDB: Table phpmyadmin/pma__recent in the InnoDB data dictionary has tablespace id 15, but tablespace with that id or name does not exist. Have you deleted or moved .ibd files? This may also be a table created with CREATE TEMPORARY TABLE whose .ibd and .frm files MySQL automatically removed, but the table still exists in the InnoDB internal data dictionary.
InnoDB: Please refer to
InnoDB: http://dev.mysql.com/doc/refman/5.6/en/innodb-troubleshooting-datadict.html
InnoDB: for how to resolve the issue.
2017-11-02  8:52:36 11432 [ERROR] InnoDB: Table phpmyadmin/pma__relation in the InnoDB data dictionary has tablespace id 18, but tablespace with that id or name does not exist. Have you deleted or moved .ibd files? This may also be a table created with CREATE TEMPORARY TABLE whose .ibd and .frm files MySQL automatically removed, but the table still exists in the InnoDB internal data dictionary.
InnoDB: Please refer to
InnoDB: http://dev.mysql.com/doc/refman/5.6/en/innodb-troubleshooting-datadict.html
InnoDB: for how to resolve the issue.
2017-11-02  8:52:36 11432 [ERROR] InnoDB: Table phpmyadmin/pma__savedsearches in the InnoDB data dictionary has tablespace id 26, but tablespace with that id or name does not exist. Have you deleted or moved .ibd files? This may also be a table created with CREATE TEMPORARY TABLE whose .ibd and .frm files MySQL automatically removed, but the table still exists in the InnoDB internal data dictionary.
InnoDB: Please refer to
InnoDB: http://dev.mysql.com/doc/refman/5.6/en/innodb-troubleshooting-datadict.html
InnoDB: for how to resolve the issue.
2017-11-02  8:52:36 11432 [ERROR] InnoDB: Table phpmyadmin/pma__table_coords in the InnoDB data dictionary has tablespace id 19, but tablespace with that id or name does not exist. Have you deleted or moved .ibd files? This may also be a table created with CREATE TEMPORARY TABLE whose .ibd and .frm files MySQL automatically removed, but the table still exists in the InnoDB internal data dictionary.
InnoDB: Please refer to
InnoDB: http://dev.mysql.com/doc/refman/5.6/en/innodb-troubleshooting-datadict.html
InnoDB: for how to resolve the issue.
2017-11-02  8:52:36 11432 [ERROR] InnoDB: Table phpmyadmin/pma__table_info in the InnoDB data dictionary has tablespace id 20, but tablespace with that id or name does not exist. Have you deleted or moved .ibd files? This may also be a table created with CREATE TEMPORARY TABLE whose .ibd and .frm files MySQL automatically removed, but the table still exists in the InnoDB internal data dictionary.
InnoDB: Please refer to
InnoDB: http://dev.mysql.com/doc/refman/5.6/en/innodb-troubleshooting-datadict.html
InnoDB: for how to resolve the issue.
2017-11-02  8:52:36 11432 [ERROR] InnoDB: Table phpmyadmin/pma__table_uiprefs in the InnoDB data dictionary has tablespace id 17, but tablespace with that id or name does not exist. Have you deleted or moved .ibd files? This may also be a table created with CREATE TEMPORARY TABLE whose .ibd and .frm files MySQL automatically removed, but the table still exists in the InnoDB internal data dictionary.
InnoDB: Please refer to
InnoDB: http://dev.mysql.com/doc/refman/5.6/en/innodb-troubleshooting-datadict.html
InnoDB: for how to resolve the issue.
2017-11-02  8:52:36 11432 [ERROR] InnoDB: Table phpmyadmin/pma__tracking in the InnoDB data dictionary has tablespace id 21, but tablespace with that id or name does not exist. Have you deleted or moved .ibd files? This may also be a table created with CREATE TEMPORARY TABLE whose .ibd and .frm files MySQL automatically removed, but the table still exists in the InnoDB internal data dictionary.
InnoDB: Please refer to
InnoDB: http://dev.mysql.com/doc/refman/5.6/en/innodb-troubleshooting-datadict.html
InnoDB: for how to resolve the issue.
2017-11-02  8:52:36 11432 [ERROR] InnoDB: Table phpmyadmin/pma__userconfig in the InnoDB data dictionary has tablespace id 22, but tablespace with that id or name does not exist. Have you deleted or moved .ibd files? This may also be a table created with CREATE TEMPORARY TABLE whose .ibd and .frm files MySQL automatically removed, but the table still exists in the InnoDB internal data dictionary.
InnoDB: Please refer to
InnoDB: http://dev.mysql.com/doc/refman/5.6/en/innodb-troubleshooting-datadict.html
InnoDB: for how to resolve the issue.
2017-11-02  8:52:36 11432 [ERROR] InnoDB: Table phpmyadmin/pma__usergroups in the InnoDB data dictionary has tablespace id 24, but tablespace with that id or name does not exist. Have you deleted or moved .ibd files? This may also be a table created with CREATE TEMPORARY TABLE whose .ibd and .frm files MySQL automatically removed, but the table still exists in the InnoDB internal data dictionary.
InnoDB: Please refer to
InnoDB: http://dev.mysql.com/doc/refman/5.6/en/innodb-troubleshooting-datadict.html
InnoDB: for how to resolve the issue.
2017-11-02  8:52:36 11432 [ERROR] InnoDB: Table phpmyadmin/pma__users in the InnoDB data dictionary has tablespace id 23, but tablespace with that id or name does not exist. Have you deleted or moved .ibd files? This may also be a table created with CREATE TEMPORARY TABLE whose .ibd and .frm files MySQL automatically removed, but the table still exists in the InnoDB internal data dictionary.
InnoDB: Please refer to
InnoDB: http://dev.mysql.com/doc/refman/5.6/en/innodb-troubleshooting-datadict.html
InnoDB: for how to resolve the issue.
2017-11-02  8:52:36 11432 [Note] InnoDB: 128 rollback segment(s) are active.
2017-11-02  8:52:36 11432 [Note] InnoDB: Waiting for purge to start
2017-11-02  8:52:36 11576 [ERROR] InnoDB: Failed to find tablespace for table '"phpmyadmin"."pma__navigationhiding"' in the cache. Attempting to load the tablespace with space id 25.
2017-11-02 08:52:36 2d38  InnoDB: Operating system error number 3 in a file operation.
InnoDB: The error means the system cannot find the path specified.
2017-11-02  8:52:36 11576 [ERROR] InnoDB: Could not find a valid tablespace file for 'phpmyadmin/pma__navigationhiding'. See http://dev.mysql.com/doc/refman/5.6/en/innodb-troubleshooting-datadict.html for how to resolve the issue.
2017-11-02  8:52:36 11432 [Note] InnoDB:  Percona XtraDB (http://www.percona.com) 5.6.36-82.1 started; log sequence number 1998070
2017-11-02  8:52:36 11432 [Note] Plugin 'FEEDBACK' is disabled.
2017-11-02  8:52:36 10632 [Note] InnoDB: Dumping buffer pool(s) not yet started
2017-11-02  8:52:36 11432 [Note] Server socket created on IP: '127.0.0.1'.
2017-11-02  8:52:36 11432 [Note] c:\xampp\mysql\bin\mysqld.exe: ready for connections.
Version: '10.1.26-MariaDB'  socket: ''  port: 3306  mariadb.org binary distribution
2017-11-02 09:16:36 ee8 InnoDB: Warning: Using innodb_additional_mem_pool_size is DEPRECATED. This option may be removed in future releases, together with the option innodb_use_sys_malloc and with the InnoDB's internal memory allocator.
2017-11-02  9:16:36 3816 [Note] InnoDB: innodb_empty_free_list_algorithm has been changed to legacy because of small buffer pool size. In order to use backoff, increase buffer pool at least up to 20MB.

2017-11-02  9:16:37 3816 [Note] InnoDB: Using mutexes to ref count buffer pool pages
2017-11-02  9:16:37 3816 [Note] InnoDB: The InnoDB memory heap is disabled
2017-11-02  9:16:37 3816 [Note] InnoDB: Mutexes and rw_locks use Windows interlocked functions
2017-11-02  9:16:37 3816 [Note] InnoDB: _mm_lfence() and _mm_sfence() are used for memory barrier
2017-11-02  9:16:37 3816 [Note] InnoDB: Compressed tables use zlib 1.2.3
2017-11-02  9:16:37 3816 [Note] InnoDB: Using generic crc32 instructions
2017-11-02  9:16:37 3816 [Note] InnoDB: Initializing buffer pool, size = 16.0M
2017-11-02  9:16:37 3816 [Note] InnoDB: Completed initialization of buffer pool
2017-11-02  9:16:37 3816 [Note] InnoDB: Highest supported file format is Barracuda.
2017-11-02  9:16:37 3816 [Note] InnoDB: The log sequence number 1835037 in ibdata file do not match the log sequence number 1998080 in the ib_logfiles!
2017-11-02  9:16:37 3816 [Note] InnoDB: Restoring possible half-written data pages from the doublewrite buffer...
2017-11-02  9:16:38 3816 [Note] InnoDB: 128 rollback segment(s) are active.
2017-11-02  9:16:38 3816 [Note] InnoDB: Waiting for purge to start
2017-11-02  9:16:38 3816 [Note] InnoDB:  Percona XtraDB (http://www.percona.com) 5.6.36-82.1 started; log sequence number 1998080
2017-11-02  9:16:38 8432 [Note] InnoDB: Dumping buffer pool(s) not yet started
2017-11-02  9:16:38 3816 [Note] Plugin 'FEEDBACK' is disabled.
2017-11-02  9:16:38 3816 [Note] Server socket created on IP: '127.0.0.1'.
2017-11-02  9:16:38 3816 [Note] c:\xampp\mysql\bin\mysqld.exe: ready for connections.
Version: '10.1.26-MariaDB'  socket: ''  port: 3306  mariadb.org binary distribution
2017-11-02  9:17:52 2252 [ERROR] Incorrect definition of table mysql.column_stats: expected column 'min_value' at position 3 to have type varbinary(255), found type varchar(255).
2017-11-02  9:17:52 2252 [ERROR] Incorrect definition of table mysql.column_stats: expected column 'max_value' at position 4 to have type varbinary(255), found type varchar(255).
2017-11-02  9:17:52 2252 [ERROR] Incorrect definition of table mysql.column_stats: expected column 'min_value' at position 3 to have type varbinary(255), found type varchar(255).
2017-11-02  9:17:52 2252 [ERROR] Incorrect definition of table mysql.column_stats: expected column 'max_value' at position 4 to have type varbinary(255), found type varchar(255).
2017-11-02 09:32:27 2c58 InnoDB: Warning: Using innodb_additional_mem_pool_size is DEPRECATED. This option may be removed in future releases, together with the option innodb_use_sys_malloc and with the InnoDB's internal memory allocator.
2017-11-02  9:32:27 11352 [Note] InnoDB: innodb_empty_free_list_algorithm has been changed to legacy because of small buffer pool size. In order to use backoff, increase buffer pool at least up to 20MB.

2017-11-02  9:32:27 11352 [Note] InnoDB: Using mutexes to ref count buffer pool pages
2017-11-02  9:32:27 11352 [Note] InnoDB: The InnoDB memory heap is disabled
2017-11-02  9:32:27 11352 [Note] InnoDB: Mutexes and rw_locks use Windows interlocked functions
2017-11-02  9:32:27 11352 [Note] InnoDB: _mm_lfence() and _mm_sfence() are used for memory barrier
2017-11-02  9:32:27 11352 [Note] InnoDB: Compressed tables use zlib 1.2.3
2017-11-02  9:32:27 11352 [Note] InnoDB: Using generic crc32 instructions
2017-11-02  9:32:27 11352 [Note] InnoDB: Initializing buffer pool, size = 16.0M
2017-11-02  9:32:27 11352 [Note] InnoDB: Completed initialization of buffer pool
2017-11-02  9:32:27 11352 [Note] InnoDB: Highest supported file format is Barracuda.
2017-11-02  9:32:27 11352 [Note] InnoDB: The log sequence number 1835037 in ibdata file do not match the log sequence number 2010667 in the ib_logfiles!
2017-11-02  9:32:27 11352 [Note] InnoDB: Restoring possible half-written data pages from the doublewrite buffer...
2017-11-02  9:32:28 11352 [Note] InnoDB: 128 rollback segment(s) are active.
2017-11-02  9:32:28 11352 [Note] InnoDB: Waiting for purge to start
2017-11-02  9:32:28 11352 [Note] InnoDB:  Percona XtraDB (http://www.percona.com) 5.6.36-82.1 started; log sequence number 2010667
2017-11-02  9:32:28 8844 [Note] InnoDB: Dumping buffer pool(s) not yet started
2017-11-02  9:32:28 11352 [Note] Plugin 'FEEDBACK' is disabled.
2017-11-02  9:32:28 11352 [Note] Server socket created on IP: '127.0.0.1'.
2017-11-02  9:32:28 11352 [Note] c:\xampp\mysql\bin\mysqld.exe: ready for connections.
Version: '10.1.26-MariaDB'  socket: ''  port: 3306  mariadb.org binary distribution
2017-11-02 14:39:28 2a50 InnoDB: Warning: Using innodb_additional_mem_pool_size is DEPRECATED. This option may be removed in future releases, together with the option innodb_use_sys_malloc and with the InnoDB's internal memory allocator.
2017-11-02 14:39:28 10832 [Note] InnoDB: innodb_empty_free_list_algorithm has been changed to legacy because of small buffer pool size. In order to use backoff, increase buffer pool at least up to 20MB.

2017-11-02 14:39:28 10832 [Note] InnoDB: Using mutexes to ref count buffer pool pages
2017-11-02 14:39:28 10832 [Note] InnoDB: The InnoDB memory heap is disabled
2017-11-02 14:39:28 10832 [Note] InnoDB: Mutexes and rw_locks use Windows interlocked functions
2017-11-02 14:39:28 10832 [Note] InnoDB: _mm_lfence() and _mm_sfence() are used for memory barrier
2017-11-02 14:39:28 10832 [Note] InnoDB: Compressed tables use zlib 1.2.3
2017-11-02 14:39:28 10832 [Note] InnoDB: Using generic crc32 instructions
2017-11-02 14:39:28 10832 [Note] InnoDB: Initializing buffer pool, size = 16.0M
2017-11-02 14:39:28 10832 [Note] InnoDB: Completed initialization of buffer pool
2017-11-02 14:39:28 10832 [Note] InnoDB: Highest supported file format is Barracuda.
2017-11-02 14:39:28 10832 [Note] InnoDB: The log sequence number 1835037 in ibdata file do not match the log sequence number 2170580 in the ib_logfiles!
2017-11-02 14:39:29 10832 [Note] InnoDB: Restoring possible half-written data pages from the doublewrite buffer...
2017-11-02 14:39:30 10832 [Note] InnoDB: 128 rollback segment(s) are active.
2017-11-02 14:39:30 10832 [Note] InnoDB: Waiting for purge to start
2017-11-02 14:39:30 10832 [Note] InnoDB:  Percona XtraDB (http://www.percona.com) 5.6.36-82.1 started; log sequence number 2170580
2017-11-02 14:39:30 10832 [Note] Plugin 'FEEDBACK' is disabled.
2017-11-02 14:39:30 10832 [Note] Server socket created on IP: '127.0.0.1'.
2017-11-02 14:39:30 12128 [Note] InnoDB: Dumping buffer pool(s) not yet started
2017-11-02 14:39:31 10832 [Note] c:\xampp\mysql\bin\mysqld.exe: ready for connections.
Version: '10.1.26-MariaDB'  socket: ''  port: 3306  mariadb.org binary distribution
2017-11-03 02:14:04 1354 InnoDB: Warning: Using innodb_additional_mem_pool_size is DEPRECATED. This option may be removed in future releases, together with the option innodb_use_sys_malloc and with the InnoDB's internal memory allocator.
2017-11-03  2:14:04 4948 [Note] InnoDB: innodb_empty_free_list_algorithm has been changed to legacy because of small buffer pool size. In order to use backoff, increase buffer pool at least up to 20MB.

2017-11-03  2:14:04 4948 [Note] InnoDB: Using mutexes to ref count buffer pool pages
2017-11-03  2:14:04 4948 [Note] InnoDB: The InnoDB memory heap is disabled
2017-11-03  2:14:04 4948 [Note] InnoDB: Mutexes and rw_locks use Windows interlocked functions
2017-11-03  2:14:04 4948 [Note] InnoDB: _mm_lfence() and _mm_sfence() are used for memory barrier
2017-11-03  2:14:04 4948 [Note] InnoDB: Compressed tables use zlib 1.2.3
2017-11-03  2:14:04 4948 [Note] InnoDB: Using generic crc32 instructions
2017-11-03  2:14:04 4948 [Note] InnoDB: Initializing buffer pool, size = 16.0M
2017-11-03  2:14:04 4948 [Note] InnoDB: Completed initialization of buffer pool
2017-11-03  2:14:05 4948 [Note] InnoDB: Highest supported file format is Barracuda.
2017-11-03  2:14:05 4948 [Note] InnoDB: The log sequence number 1835037 in ibdata file do not match the log sequence number 2170590 in the ib_logfiles!
2017-11-03  2:14:07 4948 [Note] InnoDB: Restoring possible half-written data pages from the doublewrite buffer...
2017-11-03  2:14:09 4948 [Note] InnoDB: 128 rollback segment(s) are active.
2017-11-03  2:14:09 4948 [Note] InnoDB: Waiting for purge to start
2017-11-03  2:14:09 4948 [Note] InnoDB:  Percona XtraDB (http://www.percona.com) 5.6.36-82.1 started; log sequence number 2170590
2017-11-03  2:14:09 9988 [Note] InnoDB: Dumping buffer pool(s) not yet started
2017-11-03  2:14:09 4948 [Note] Plugin 'FEEDBACK' is disabled.
2017-11-03  2:14:09 4948 [Note] Server socket created on IP: '127.0.0.1'.
2017-11-03  2:14:11 4948 [Note] c:\xampp\mysql\bin\mysqld.exe: ready for connections.
Version: '10.1.26-MariaDB'  socket: ''  port: 3306  mariadb.org binary distribution
